<?xml version="1.0" encoding="UTF-8"?>
<testng-results skipped="0" failed="0" total="1" passed="1">
  <reporter-output>
  </reporter-output>
  <suite name="Default suite" duration-ms="18620" started-at="2019-09-25T14:31:48Z" finished-at="2019-09-25T14:32:06Z">
    <groups>
    </groups>
    <test name="Default test" duration-ms="18620" started-at="2019-09-25T14:31:48Z" finished-at="2019-09-25T14:32:06Z">
      <class name="com.unimoni.tests.HomeTest">
        <test-method status="PASS" signature="setup()[pri:0, instance:com.unimoni.tests.HomeTest@4520ebad]" name="setup" is-config="true" duration-ms="12951" started-at="2019-09-25T20:01:48Z" finished-at="2019-09-25T20:02:01Z">
          <reporter-output>
          </reporter-output>
        </test-method> <!-- setup -->
        <test-method status="PASS" signature="clickOnNewCustomer()[pri:0, instance:com.unimoni.tests.HomeTest@4520ebad]" name="clickOnNewCustomer" duration-ms="4899" started-at="2019-09-25T20:02:01Z" finished-at="2019-09-25T20:02:05Z">
          <reporter-output>
          </reporter-output>
        </test-method> <!-- clickOnNewCustomer -->
        <test-method status="PASS" signature="teardown()[pri:0, instance:com.unimoni.tests.HomeTest@4520ebad]" name="teardown" is-config="true" duration-ms="754" started-at="2019-09-25T20:02:05Z" finished-at="2019-09-25T20:02:06Z">
          <reporter-output>
          </reporter-output>
        </test-method> <!-- teardown -->
      </class> <!-- com.unimoni.tests.HomeTest -->
    </test> <!-- Default test -->
  </suite> <!-- Default suite -->
</testng-results>
